Warning: 'gtk-version' is not in the list of known options, but still passed to Electron/Chromium.
Warning: 'ignore-gpu-blocklist' is not in the list of known options, but still passed to Electron/Chromium.
Warning: 'enable-features' is not in the list of known options, but still passed to Electron/Chromium.
Warning: 'enable-wayland-ime' is not in the list of known options, but still passed to Electron/Chromium.
node:events:502
      throw er; // Unhandled 'error' event
      ^

Error: EBADF: bad file descriptor, read
Emitted 'error' event on ReadStream instance at:
    at emitErrorNT (node:internal/streams/destroy:169:8)
    at errorOrDestroy (node:internal/streams/destroy:238:7)
    at node:internal/fs/streams:272:9
    at FSReqCallback.wrapper [as oncomplete] (node:fs:683:5) {
  errno: -9,
  code: 'EBADF',
  syscall: 'read'
}

Node.js v20.19.1
Warning: 'gtk-version' is not in the list of known options, but still passed to Electron/Chromium.
Warning: 'ignore-gpu-blocklist' is not in the list of known options, but still passed to Electron/Chromium.
Warning: 'enable-features' is not in the list of known options, but still passed to Electron/Chromium.
Warning: 'enable-wayland-ime' is not in the list of known options, but still passed to Electron/Chromium.
node:events:502
      throw er; // Unhandled 'error' event
      ^

Error: EBADF: bad file descriptor, read
Emitted 'error' event on ReadStream instance at:
    at emitErrorNT (node:internal/streams/destroy:169:8)
    at errorOrDestroy (node:internal/streams/destroy:238:7)
    at node:internal/fs/streams:272:9
    at FSReqCallback.wrapper [as oncomplete] (node:fs:683:5) {
  errno: -9,
  code: 'EBADF',
  syscall: 'read'
}

Node.js v20.19.1
Warning: 'gtk-version' is not in the list of known options, but still passed to Electron/Chromium.
Warning: 'ignore-gpu-blocklist' is not in the list of known options, but still passed to Electron/Chromium.
Warning: 'enable-features' is not in the list of known options, but still passed to Electron/Chromium.
Warning: 'enable-wayland-ime' is not in the list of known options, but still passed to Electron/Chromium.
node:events:502
      throw er; // Unhandled 'error' event
      ^

Error: EBADF: bad file descriptor, read
Emitted 'error' event on ReadStream instance at:
    at emitErrorNT (node:internal/streams/destroy:169:8)
    at errorOrDestroy (node:internal/streams/destroy:238:7)
    at node:internal/fs/streams:272:9
    at FSReqCallback.wrapper [as oncomplete] (node:fs:683:5) {
  errno: -9,
  code: 'EBADF',
  syscall: 'read'
}

Node.js v20.19.1
